0 info it worked if it ends with ok
1 verbose cli [ 'C:\\Program Files\\nodejs\\node.exe',
1 verbose cli   'C:\\Program Files\\nodejs\\node_modules\\npm\\bin\\npm-cli.js',
1 verbose cli   'publish' ]
2 info using npm@3.10.9
3 info using node@v6.9.2
4 verbose publish [ '.' ]
5 silly cache add args [ '.', null ]
6 verbose cache add spec .
7 silly cache add parsed spec Result {
7 silly cache add   raw: '.',
7 silly cache add   scope: null,
7 silly cache add   escapedName: null,
7 silly cache add   name: null,
7 silly cache add   rawSpec: '.',
7 silly cache add   spec: 'C:\\Users\\ismae\\Documents\\GitHub\\FreeText',
7 silly cache add   type: 'directory' }
8 verbose addLocalDirectory C:\Users\ismae\AppData\Roaming\npm-cache\free-text\1.0.0\package.tgz not in flight; packing
9 verbose correctMkdir C:\Users\ismae\AppData\Roaming\npm-cache correctMkdir not in flight; initializing
10 info lifecycle free-text@1.0.0~prepublish: free-text@1.0.0
11 silly lifecycle free-text@1.0.0~prepublish: no script for prepublish, continuing
12 verbose tar pack [ 'C:\\Users\\ismae\\AppData\\Roaming\\npm-cache\\free-text\\1.0.0\\package.tgz',
12 verbose tar pack   'C:\\Users\\ismae\\Documents\\GitHub\\FreeText' ]
13 verbose tarball C:\Users\ismae\AppData\Roaming\npm-cache\free-text\1.0.0\package.tgz
14 verbose folder C:\Users\ismae\Documents\GitHub\FreeText
15 verbose addLocalTarball adding from inside cache C:\Users\ismae\AppData\Roaming\npm-cache\free-text\1.0.0\package.tgz
16 verbose correctMkdir C:\Users\ismae\AppData\Roaming\npm-cache correctMkdir not in flight; initializing
17 silly cache afterAdd free-text@1.0.0
18 verbose afterAdd C:\Users\ismae\AppData\Roaming\npm-cache\free-text\1.0.0\package\package.json not in flight; writing
19 verbose correctMkdir C:\Users\ismae\AppData\Roaming\npm-cache correctMkdir not in flight; initializing
20 verbose afterAdd C:\Users\ismae\AppData\Roaming\npm-cache\free-text\1.0.0\package\package.json written
21 silly publish { name: 'free-text',
21 silly publish   version: '1.0.0',
21 silly publish   description: 'A library that allows you write dynamically in any element of the DOM',
21 silly publish   main: './src/index.js',
21 silly publish   scripts: {},
21 silly publish   keywords: [ 'text', 'write', 'dom' ],
21 silly publish   author: { name: '\'Ismael Jiménez Lorente' },
21 silly publish   license: 'MIT',
21 silly publish   devDependencies:
21 silly publish    { 'babel-core': '6.22.1',
21 silly publish      'babel-preset-es2015': '6.22.0',
21 silly publish      gulp: '3.9.1',
21 silly publish      'gulp-babel': '6.1.2',
21 silly publish      'gulp-concat': '2.6.1',
21 silly publish      'gulp-sourcemaps': '2.4.0',
21 silly publish      jquery: '3.1.1' },
21 silly publish   readme: '# free-text\r\nA library that allows you write like the **Typed.js** library but more simplest in any element of the DOM.\r\n\r\n## Install\r\n\r\nYou can get the content of the file ``index.js`` in ``./src/index.js`` or via NPM.\r\n\r\n### NPM:\r\n\r\n```\r\n   npm install free-text --save \r\n```\r\n\r\n\r\n\r\n## Getting started\r\n>**Important:** This library use **jQuery**. You need have installed jQuery for can use *free-text* library.\r\n>\r\nFor this example we have a ``index.html`` file in the root of the proyect. We have put inner the ``HEAD`` tag of html body the link of this library.\r\n```html\r\n<head>\r\n    <!-- load jQuery -->\r\n    <script src="jquery.js"></script>\r\n    \r\n    <!-- load free-text library -->\r\n    <script src=\'./node_modules/free-text/free-text.js\'></script>\r\n</head>\r\n```\r\nNow we create a ``H1`` tag in the body with an id for find it.\r\n```html\r\n<body>\r\n    <h1 id=\'target\'></h1>\r\n</body>\r\n```\r\nAnd now, we write the code for instantiate a ``FreeText`` object whicht will do the magic.\r\nOnly require invoke the **autowriting** function whicht need receive a object as param. This object only require two properties:\r\n1. An array of strings with the words or sentences that it will write. \r\n2. And a string of CSS selector type of the element (in this case ``\'#target\'``).\r\n\r\n\r\nWe write the script below of ``BODY`` tag.\r\n\r\n ```html\r\n <script>\r\n        //The autowriting method return the object that we need to make the animation.\r\n        var autowriting = FTX.autowriting({\r\n            element:\'#target\',  //the CSS selector of the DOM element.\r\n            words:["I\'m the first sentence", \'Hello word!\', \'awesome\'] //sentences or words that will do write\r\n        }).start(); //the start function begin the animation.\r\n </script>\r\n ```\r\n\r\n## API\r\n\r\n### FTX\r\n\r\n### autowriting( options )\r\nReturn the autoriting object.\r\n\r\n Options:\r\n * **element**: *String*. Css selector pf the DOM element target. Require.\r\n * **keepWord**: *Int*. Time to stay the words, in milliseconds. Optional. Default: 800.\r\n * **bucle**: *Boolean*. Indicates if this autowriting is a bulcle or not. Optional. Default: true.\r\n * **words**: *Array*. Array of strings that contained the words or sentences that autowriting will write. Optional. Defauls: empty array.\r\n\r\n### autowriting object \r\n#### Methods:\r\n\r\n* **start()**: Start the writing.\r\n* **stop()**: Freezes the writing.\r\n* **continue()** Remove the effect of *stop()*.\r\n* **clear()**: Delete all the written.\r\n* **setWords( [string] )**: Set the ``words`` param.\r\n',
21 silly publish   readmeFilename: 'README.md',
21 silly publish   _id: 'free-text@1.0.0',
21 silly publish   _shasum: '80b7d71ee17c8676aba806afbee1ba8b12c44e3e',
21 silly publish   _from: '.' }
22 verbose getPublishConfig undefined
23 silly mapToRegistry name free-text
24 silly mapToRegistry using default registry
25 silly mapToRegistry registry https://registry.npmjs.org/
26 silly mapToRegistry data Result {
26 silly mapToRegistry   raw: 'free-text',
26 silly mapToRegistry   scope: null,
26 silly mapToRegistry   escapedName: 'free-text',
26 silly mapToRegistry   name: 'free-text',
26 silly mapToRegistry   rawSpec: '',
26 silly mapToRegistry   spec: 'latest',
26 silly mapToRegistry   type: 'tag' }
27 silly mapToRegistry uri https://registry.npmjs.org/free-text
28 verbose publish registryBase https://registry.npmjs.org/
29 silly publish uploading C:\Users\ismae\AppData\Roaming\npm-cache\free-text\1.0.0\package.tgz
30 verbose request uri https://registry.npmjs.org/free-text
31 verbose request sending authorization for write operation
32 info attempt registry request try #1 at 21:39:30
33 verbose request using bearer token for auth
34 verbose request id d4ee193296627bb7
35 http request PUT https://registry.npmjs.org/free-text
36 http 403 https://registry.npmjs.org/free-text
37 verbose headers { 'content-type': 'application/json',
37 verbose headers   'cache-control': 'max-age=300',
37 verbose headers   'content-length': '95',
37 verbose headers   'accept-ranges': 'bytes',
37 verbose headers   date: 'Sun, 26 Feb 2017 20:39:32 GMT',
37 verbose headers   via: '1.1 varnish',
37 verbose headers   connection: 'keep-alive',
37 verbose headers   'x-served-by': 'cache-lhr6329-LHR',
37 verbose headers   'x-cache': 'MISS',
37 verbose headers   'x-cache-hits': '0',
37 verbose headers   'x-timer': 'S1488141571.505949,VS0,VE844',
37 verbose headers   vary: 'Accept-Encoding' }
38 verbose request invalidating C:\Users\ismae\AppData\Roaming\npm-cache\registry.npmjs.org\free-text on PUT
39 error publish Failed PUT 403
40 verbose stack Error: "You cannot publish over the previously published version 1.0.0." : free-text
40 verbose stack     at makeError (C:\Program Files\nodejs\node_modules\npm\node_modules\npm-registry-client\lib\request.js:302:12)
40 verbose stack     at CachingRegistryClient.<anonymous> (C:\Program Files\nodejs\node_modules\npm\node_modules\npm-registry-client\lib\request.js:290:14)
40 verbose stack     at Request._callback (C:\Program Files\nodejs\node_modules\npm\node_modules\npm-registry-client\lib\request.js:210:14)
40 verbose stack     at Request.self.callback (C:\Program Files\nodejs\node_modules\npm\node_modules\request\request.js:187:22)
40 verbose stack     at emitTwo (events.js:106:13)
40 verbose stack     at Request.emit (events.js:191:7)
40 verbose stack     at Request.<anonymous> (C:\Program Files\nodejs\node_modules\npm\node_modules\request\request.js:1048:10)
40 verbose stack     at emitOne (events.js:96:13)
40 verbose stack     at Request.emit (events.js:188:7)
40 verbose stack     at IncomingMessage.<anonymous> (C:\Program Files\nodejs\node_modules\npm\node_modules\request\request.js:969:12)
41 verbose statusCode 403
42 verbose pkgid free-text
43 verbose cwd C:\Users\ismae\Documents\GitHub\FreeText
44 error Windows_NT 10.0.14393
45 error argv "C:\\Program Files\\nodejs\\node.exe" "C:\\Program Files\\nodejs\\node_modules\\npm\\bin\\npm-cli.js" "publish"
46 error node v6.9.2
47 error npm  v3.10.9
48 error code E403
49 error "You cannot publish over the previously published version 1.0.0." : free-text
50 error If you need help, you may report this error at:
50 error     <https://github.com/npm/npm/issues>
51 verbose exit [ 1, true ]
